2026-03-18 10:24:56 [error]: Full Error for https://api.github.com/users/anandmindfire/events?per_page=100&page=4: {
  "message": "In order to keep the API fast for everyone, pagination is limited for this resource.",
  "documentation_url": "https://docs.github.com/v3/#pagination",
  "status": "422"
}
2026-03-18 10:24:56 [error]: Error fetching events for anandmindfire: Error: HTTP 422: In order to keep the API fast for everyone, pagination is limited for this resource.
2026-03-18 10:26:06 [error]: Full Error for https://api.github.com/users/anandmindfire/events?per_page=100&page=4: {
  "message": "In order to keep the API fast for everyone, pagination is limited for this resource.",
  "documentation_url": "https://docs.github.com/v3/#pagination",
  "status": "422"
}
2026-03-18 10:26:06 [error]: Error fetching events for anandmindfire: Error: HTTP 422: In order to keep the API fast for everyone, pagination is limited for this resource.
2026-03-18 10:26:21 [error]: Full Error for https://api.github.com/users/anandmindfire/events?per_page=100&page=4: {
  "message": "In order to keep the API fast for everyone, pagination is limited for this resource.",
  "documentation_url": "https://docs.github.com/v3/#pagination",
  "status": "422"
}
2026-03-18 10:26:21 [error]: Error fetching events for anandmindfire: Error: HTTP 422: In order to keep the API fast for everyone, pagination is limited for this resource.
2026-03-18 10:29:23 [error]: Full Error for https://api.github.com/users/anandmindfire/events?per_page=100&page=4: {
  "message": "In order to keep the API fast for everyone, pagination is limited for this resource.",
  "documentation_url": "https://docs.github.com/v3/#pagination",
  "status": "422"
}
2026-03-18 10:29:23 [error]: Error fetching events for anandmindfire: Error: HTTP 422: In order to keep the API fast for everyone, pagination is limited for this resource.
2026-03-18 10:30:27 [error]: Full Error for https://api.github.com/users/anandmindfire/events?per_page=100&page=4: {
  "message": "In order to keep the API fast for everyone, pagination is limited for this resource.",
  "documentation_url": "https://docs.github.com/v3/#pagination",
  "status": "422"
}
2026-03-18 10:30:27 [error]: Error fetching events for anandmindfire: Error: HTTP 422: In order to keep the API fast for everyone, pagination is limited for this resource.
2026-03-18 10:30:57 [error]: Full Error for https://api.github.com/users/manojkmfsi/events?per_page=100&page=4: {
  "message": "In order to keep the API fast for everyone, pagination is limited for this resource.",
  "documentation_url": "https://docs.github.com/v3/#pagination",
  "status": "422"
}
2026-03-18 10:30:57 [error]: Error fetching events for manojkmfsi: Error: HTTP 422: In order to keep the API fast for everyone, pagination is limited for this resource.
2026-03-18 10:30:58 [error]: Full Error for https://api.github.com/users/anandmindfire/events?per_page=100&page=4: {
  "message": "In order to keep the API fast for everyone, pagination is limited for this resource.",
  "documentation_url": "https://docs.github.com/v3/#pagination",
  "status": "422"
}
2026-03-18 10:30:58 [error]: Error fetching events for anandmindfire: Error: HTTP 422: In order to keep the API fast for everyone, pagination is limited for this resource.
2026-03-18 10:31:39 [error]: Full Error for https://api.github.com/users/anandmindfire/events?per_page=100&page=4: {
  "message": "In order to keep the API fast for everyone, pagination is limited for this resource.",
  "documentation_url": "https://docs.github.com/v3/#pagination",
  "status": "422"
}
2026-03-18 10:31:39 [error]: Error fetching events for anandmindfire: Error: HTTP 422: In order to keep the API fast for everyone, pagination is limited for this resource.
2026-03-18 10:32:44 [error]: Full Error for https://api.github.com/users/anandmindfire/events?per_page=100&page=4: {
  "message": "In order to keep the API fast for everyone, pagination is limited for this resource.",
  "documentation_url": "https://docs.github.com/v3/#pagination",
  "status": "422"
}
2026-03-18 10:32:44 [error]: Error fetching events for anandmindfire: Error: HTTP 422: In order to keep the API fast for everyone, pagination is limited for this resource.
2026-03-18 10:33:29 [error]: Full Error for https://api.github.com/users/anandmindfire/events?per_page=100&page=4: {
  "message": "In order to keep the API fast for everyone, pagination is limited for this resource.",
  "documentation_url": "https://docs.github.com/v3/#pagination",
  "status": "422"
}
2026-03-18 10:33:29 [error]: Error fetching events for anandmindfire: Error: HTTP 422: In order to keep the API fast for everyone, pagination is limited for this resource.
2026-03-18 10:34:39 [error]: Full Error for https://api.github.com/users/anandmindfire/events?per_page=100&page=4: {
  "message": "In order to keep the API fast for everyone, pagination is limited for this resource.",
  "documentation_url": "https://docs.github.com/v3/#pagination",
  "status": "422"
}
2026-03-18 10:34:39 [error]: Error fetching events for anandmindfire: Error: HTTP 422: In order to keep the API fast for everyone, pagination is limited for this resource.
2026-03-18 10:39:07 [error]: Failed to update packages: Error: Failed to fetch https://directus.ourgoalplan.co.in/graphql after 3 attempts: fetch failed
